Vivado Simulator 2019.2
Copyright 1986-1999, 2001-2019 Xilinx, Inc. All Rights Reserved.
Running: C:/Xilinx/Vivado/2019.2/bin/unwrapped/win64.o/xelab.exe -wto 23bdc9ad2f16410eb67dc21791a3dcd2 --incr --debug typical --relax --mt 32 -L xil_defaultlib -L secureip --snapshot full_adder_1bit_tb_func_impl xil_defaultlib.full_adder_1bit_tb -log elaborate.log 
Using 32 slave threads.
Starting static elaboration
Completed static elaboration
Starting simulation data flow analysis
Completed simulation data flow analysis
Time Resolution for simulation is 1ps
Compiling package std.standard
Compiling package std.textio
Compiling package ieee.std_logic_1164
Compiling package ieee.numeric_std
Compiling package unisim.vcomponents
Compiling package ieee.vital_timing
Compiling package ieee.vital_primitives
Compiling package unisim.vpkg
Compiling architecture ibuf_v of entity unisim.IBUF [\IBUF(1,9)(1,1)(1,4)(1,7)\]
Compiling architecture obuf_v of entity unisim.OBUF [\OBUF(1,9)(1,7)(1,4)\]
Compiling architecture lut3_v of entity unisim.LUT3 [\LUT3(init="11101000")(0,7)\]
Compiling architecture lut2_v of entity unisim.LUT2 [\LUT2(init="0110")(0,3)\]
Compiling architecture lut3_v of entity unisim.LUT3 [\LUT3(init="00101000")(0,7)\]
Compiling architecture lut2_v of entity unisim.LUT2 [\LUT2(init="1000")(0,3)\]
Compiling architecture lut3_v of entity unisim.LUT3 [\LUT3(init="10010110")(0,7)\]
Compiling architecture structure of entity xil_defaultlib.full_adder_1bit [full_adder_1bit_default]
Compiling architecture behavioral of entity xil_defaultlib.full_adder_1bit_tb
Built simulation snapshot full_adder_1bit_tb_func_impl
